<?xml version="1.0" encoding="UTF-8"?>
<!-- Generated by org.testng.reporters.JUnitReportReporter -->
<testsuite hostname="Divyansh" failures="0" tests="1" name="com.demowebshoptest.LoginTest" time="9.058" errors="0" timestamp="2024-06-11T16:15:56 IST" skipped="0">
  <testcase classname="com.demowebshoptest.LoginTest" name="verifyUserIsAbleToLoginWithValidCred" time="9.058"/>
  <system-out/>
</testsuite> <!-- com.demowebshoptest.LoginTest -->
