<?xml version="1.0" encoding="UTF-8"?>
<!-- Generated by org.testng.reporters.JUnitReportReporter -->
<testsuite hostname="Divyansh" failures="0" tests="1" name="com.demowebshoptest.LoginTest" time="8.548" errors="0" timestamp="2024-06-13T13:30:42 IST" skipped="0">
  <testcase classname="com.demowebshoptest.LoginTest" name="verifyUserIsAbleToLoginWithValidCred" time="8.548"/>
  <system-out/>
</testsuite> <!-- com.demowebshoptest.LoginTest -->
